Merged models fitness: [4.65598, 17.35368, 4.59471, 5.53453, 7.1297999999999995]
Mutated models fitness: [4.60998, 4.71604, 5.52661, 4.6564, 4.51746, 5.52716, 5.5318, 4.61002, 4.65142, 4.608499999999999, 4.61865, 5.538309999999999]
Improved models fitness: [4.51746, 4.59471, 4.608499999999999, 4.60998, 4.61002, 4.61865, 4.65142, 4.6564, 4.65598, 4.71604]
Merged models fitness: [7.2577, 5.05935, 5.5333, 7.25481, 4.60987]
Mutated models fitness: [4.65113, 5.54194, 4.6564, 5.5318, 4.51746, 4.61865, 5.538309999999999, 4.65142, 6.454650000000001, 5.52716, 5.53303, 4.61002, 4.536099999999999, 4.52464]
Improved models fitness: [4.51746, 4.52464, 4.536099999999999, 4.60987, 4.61002, 4.61865, 4.65113, 4.65142, 4.6564, 5.05935]
Merged models fitness: [4.6106, 4.65756, 4.60929, 5.5322, 4.65709]
Mutated models fitness: [4.65113, 4.6564, 4.51746, 4.61865, 5.05935, 4.60987, 4.65142, 4.60987, 4.61002, 4.5174199999999995, 4.536099999999999, 4.52464]
Improved models fitness: [4.5174199999999995, 4.51746, 4.52464, 4.536099999999999, 4.60929, 4.60987, 4.60987, 4.61002, 4.6106, 4.61865]
Merged models fitness: [4.51788, 4.61027, 4.53654, 4.65046, 4.61073]
Mutated models fitness: [4.6106, 4.51746, 4.61865, 4.60987, 4.60987, 4.60929, 4.61002, 4.5174199999999995, 4.536099999999999, 4.52464, 4.61222]
Improved models fitness: [4.5174199999999995, 4.51746, 4.51788, 4.52464, 4.536099999999999, 4.53654, 4.60929, 4.60987, 4.60987, 4.61002]
Merged models fitness: [4.52537, 4.52297, 9.86221, 4.5169]
Mutated models fitness: [4.51788, 4.5172099999999995, 4.53583, 4.51746, 4.53654, 4.53654, 4.5174199999999995, 4.536099999999999, 4.52464, 4.5359]
Improved models fitness: [4.5169, 4.5172099999999995, 4.5174199999999995, 4.51746, 4.51788, 4.52297, 4.52464, 4.52537, 4.536099999999999, 4.53654]
Merged models fitness: [5.5261700000000005, 5.522679999999999, 5.53665, 5.53054, 6.45406]
Mutated models fitness: [4.64829, 5.5318, 4.61002, 5.5221599999999995, 4.61865, 5.52716, 4.61179, 5.54194, 4.65142, 4.6564, 6.454650000000001, 5.538309999999999, 4.51746]
Improved models fitness: [4.51746, 4.61002, 4.61179, 4.61865, 4.64829, 4.65142, 4.6564, 5.5221599999999995, 5.522679999999999, 5.5261700000000005]
Merged models fitness: [4.64952, 4.6569, 4.516789999999999, 4.6503499999999995, 4.6571299999999995]
Mutated models fitness: [4.60868, 5.522679999999999, 5.161989999999999, 4.64829, 4.65012, 4.59453, 4.6564, 5.5261700000000005, 4.6495299999999995, 4.52483, 4.61865, 4.61093, 4.61179, 4.65142, 4.51746, 4.61002, 5.5221599999999995, 4.60983, 4.62347]
Improved models fitness: [4.516789999999999, 4.51746, 4.52483, 4.59453, 4.60868, 4.60983, 4.61002, 4.61093, 4.61179, 4.61865]
Merged models fitness: [4.84978, 4.56924, 4.51726, 5.527419999999999, 5.51999]
Mutated models fitness: [4.52483, 4.60886, 4.61002, 4.61865, 4.51657, 4.61093, 4.59453, 4.525469999999999, 4.60983, 4.61179, 4.60868, 4.52448, 4.51746, 4.516789999999999, 4.5170699999999995, 4.52388]
Improved models fitness: [4.51657, 4.516789999999999, 4.5170699999999995, 4.51726, 4.51746, 4.52388, 4.52448, 4.52483, 4.525469999999999, 4.56924]
Merged models fitness: [12.44971, 9.82725, 9.81899, 4.51727, 4.5169299999999994]
Mutated models fitness: [4.52483, 4.52417, 4.51657, 4.525469999999999, 4.56924, 4.5244, 4.52448, 4.51746, 4.516789999999999, 4.51726, 4.5170699999999995, 4.52388, 4.51737]
Improved models fitness: [4.51657, 4.516789999999999, 4.5169299999999994, 4.5170699999999995, 4.51726, 4.51727, 4.51737, 4.51746, 4.52388, 4.52417]
Merged models fitness: [9.699359999999999, 4.61073, 4.58364, 4.51666, 4.52462]
Mutated models fitness: [4.52417, 4.51726, 4.51657, 4.51687, 4.51727, 4.51746, 4.516789999999999, 4.5169299999999994, 4.5170699999999995, 4.52388, 4.51737]
Improved models fitness: [4.51657, 4.51666, 4.516789999999999, 4.51687, 4.5169299999999994, 4.5170699999999995, 4.51726, 4.51727, 4.51737, 4.51746]
Found models' fitness: [4.51657, 4.51666, 4.516789999999999, 4.51687, 4.5169299999999994, 4.5170699999999995, 4.51726, 4.51727, 4.51737, 4.51746]
